[debug] [2022-10-26T14:07:48.239Z] ----------------------------------------------------------------------
[debug] [2022-10-26T14:07:48.240Z] Command:       C:\Program Files\nodejs\node.exe C:\Users\Admin\AppData\Roaming\npm\node_modules\firebase-tools\lib\bin\firebase.js init hosting
[debug] [2022-10-26T14:07:48.241Z] CLI Version:   11.14.1
[debug] [2022-10-26T14:07:48.241Z] Platform:      win32
[debug] [2022-10-26T14:07:48.241Z] Node Version:  v16.17.1
[debug] [2022-10-26T14:07:48.241Z] Time:          Wed Oct 26 2022 21:07:48 GMT+0700 (Indochina Time)
[debug] [2022-10-26T14:07:48.242Z] ----------------------------------------------------------------------
[debug] 
[debug] [2022-10-26T14:07:48.244Z] >>> [apiv2][query] GET https://firebase-public.firebaseio.com/cli.json [none]
[debug] [2022-10-26T14:07:48.260Z] > command requires scopes: ["email","openid","https://www.googleapis.com/auth/cloudplatformprojects.readonly","https://www.googleapis.com/auth/firebase","https://www.googleapis.com/auth/cloud-platform"]
[debug] [2022-10-26T14:07:48.260Z] > authorizing via signed-in user (whufc.dean@gmail.com)
[info] 
     ######## #### ########  ######## ########     ###     ######  ########
     ##        ##  ##     ## ##       ##     ##  ##   ##  ##       ##
     ######    ##  ########  ######   ########  #########  ######  ######
     ##        ##  ##    ##  ##       ##     ## ##     ##       ## ##
     ##       #### ##     ## ######## ########  ##     ##  ######  ########

You're about to initialize a Firebase project in this directory:

  C:\Users\Admin\Desktop\Coding\github\nhimsallyfilmnext

[debug] [2022-10-26T14:07:48.739Z] <<< [apiv2][status] GET https://firebase-public.firebaseio.com/cli.json 200
[debug] [2022-10-26T14:07:48.739Z] <<< [apiv2][body] GET https://firebase-public.firebaseio.com/cli.json {"cloudBuildErrorAfter":1594252800000,"cloudBuildWarnAfter":1590019200000,"defaultNode10After":1594252800000,"minVersion":"3.0.5","node8DeploysDisabledAfter":1613390400000,"node8RuntimeDisabledAfter":1615809600000,"node8WarnAfter":1600128000000}
[info] 
=== Project Setup
[info] 
[info] First, let's associate this project directory with a Firebase project.
[info] You can create multiple project aliases by running firebase use --add, 
[info] but for now we'll just set up a default project.
[info] 
